SF:lib\domain\entities\board.dart
DA:2,1
DA:12,0
DA:13,0
DA:14,0
LF:4
LH:1
end_of_record
SF:lib\domain\usecases\create_board.dart
DA:7,1
DA:9,1
DA:11,2
LF:3
LH:3
end_of_record
SF:lib\domain\entities\card.dart
DA:2,1
DA:24,0
DA:25,0
DA:26,0
DA:27,0
DA:28,0
DA:29,0
LF:7
LH:1
end_of_record
SF:lib\domain\entities\list.dart
DA:2,1
DA:14,0
DA:15,0
DA:16,0
DA:17,0
LF:5
LH:1
end_of_record
SF:lib\domain\usecases\create_card.dart
DA:7,1
DA:9,1
DA:16,2
LF:3
LH:3
end_of_record
SF:lib\domain\usecases\create_list.dart
DA:7,1
DA:9,1
DA:15,2
LF:3
LH:3
end_of_record
